<?xml version="1.0" encoding="UTF-8"?>
<testng-results ignored="0" total="1" passed="1" failed="0" skipped="0">
  <reporter-output>
  </reporter-output>
  <suite started-at="2025-03-03T12:29:56 IST" name="Default suite" finished-at="2025-03-03T12:32:25 IST" duration-ms="148541">
    <groups>
    </groups>
    <test started-at="2025-03-03T12:29:56 IST" name="Default test" finished-at="2025-03-03T12:32:25 IST" duration-ms="148541">
      <class name="testCases.MobileOnlineAd">
        <test-method is-config="true" signature="beforetest()[pri:0, instance:testCases.MobileOnlineAd@6989da5e]" started-at="2025-03-03T12:29:56 IST" name="beforetest" finished-at="2025-03-03T12:30:04 IST" duration-ms="8062" status="PASS">
          <reporter-output>
          </reporter-output>
        </test-method> <!-- beforetest -->
        <test-method signature="test()[pri:0, instance:testCases.MobileOnlineAd@6989da5e]" started-at="2025-03-03T12:30:04 IST" name="test" finished-at="2025-03-03T12:32:25 IST" duration-ms="140392" status="PASS">
          <reporter-output>
          </reporter-output>
        </test-method> <!-- test -->
      </class> <!-- testCases.MobileOnlineAd -->
    </test> <!-- Default test -->
  </suite> <!-- Default suite -->
</testng-results>
